<?xml version="1.0" encoding="UTF-8"?>
<testsuite name="com.example.unibites.ExampleUnitTest" tests="1" skipped="0" failures="0" errors="0" timestamp="2025-04-29T07:58:36" hostname="PC" time="0.008">
  <properties/>
  <testcase name="addition_isCorrect" classname="com.example.unibites.ExampleUnitTest" time="0.008"/>
  <system-out><![CDATA[]]></system-out>
  <system-err><![CDATA[]]></system-err>
</testsuite>
